2021-05-22 16:59:49 [::1][-][-][error][yii\web\HttpException:404] yii\base\InvalidRouteException: Unable to resolve the request "watch/detail". in C:\xampp\htdocs\The_Brand\yii-vue-watchshop\vendor\yiisoft\yii2\base\Module.php:543
Stack trace:
#0 C:\xampp\htdocs\The_Brand\yii-vue-watchshop\vendor\yiisoft\yii2\web\Application.php(104): yii\base\Module->runAction('watch/detail', Array)
#1 C:\xampp\htdocs\The_Brand\yii-vue-watchshop\vendor\yiisoft\yii2\base\Application.php(392): yii\web\Application->handleRequest(Object(yii\web\Request))
#2 C:\xampp\htdocs\The_Brand\yii-vue-watchshop\web\index.php(12): yii\base\Application->run()
#3 {main}

Next yii\web\NotFoundHttpException: Page not found. in C:\xampp\htdocs\The_Brand\yii-vue-watchshop\vendor\yiisoft\yii2\web\Application.php:116
Stack trace:
#0 C:\xampp\htdocs\The_Brand\yii-vue-watchshop\vendor\yiisoft\yii2\base\Application.php(392): yii\web\Application->handleRequest(Object(yii\web\Request))
#1 C:\xampp\htdocs\The_Brand\yii-vue-watchshop\web\index.php(12): yii\base\Application->run()
#2 {main}
2021-05-22 16:59:49 [::1][-][-][info][application] $_GET = []

$_POST = []

$_FILES = []

$_COOKIE = [
    'app-user' => 'ouzgouzzuiipozg'
    '_AspNetCore_Culture' => 'c=de|uic=de'
    '_csrf' => '3b0c6a877a3e8d5eb65ea341ac5def0fb8952559698930544b08d2be7d729d66a:2:{i:0;s:5:\"_csrf\";i:1;s:32:\"-nOdnIPsy1vks4U5Fn8P8YzbHZH2jptR\";}'
]

$_SERVER = [
    'DOCUMENT_ROOT' => 'C:\\xampp\\htdocs\\The_Brand\\yii-vue-watchshop\\web'
    'REMOTE_ADDR' => '::1'
    'REMOTE_PORT' => '54734'
    'SERVER_SOFTWARE' => 'PHP 7.1.33 Development Server'
    'SERVER_PROTOCOL' => 'HTTP/1.1'
    'SERVER_NAME' => 'localhost'
    'SERVER_PORT' => '8080'
    'REQUEST_URI' => '/watch/detail'
    'REQUEST_METHOD' => 'GET'
    'SCRIPT_NAME' => '/index.php'
    'SCRIPT_FILENAME' => 'C:\\xampp\\htdocs\\The_Brand\\yii-vue-watchshop\\web\\index.php'
    'PATH_INFO' => '/watch/detail'
    'PHP_SELF' => '/index.php/watch/detail'
    'HTTP_HOST' => 'localhost:8080'
    'HTTP_CONNECTION' => 'keep-alive'
    'HTTP_CACHE_CONTROL' => 'max-age=0'
    'HTTP_SEC_CH_UA' => '\" Not A;Brand\";v=\"99\", \"Chromium\";v=\"90\", \"Google Chrome\";v=\"90\"'
    'HTTP_SEC_CH_UA_MOBILE' => '?0'
    'HTTP_UPGRADE_INSECURE_REQUESTS' => '1'
    'HTTP_USER_AGENT' => 'Mozilla/5.0 (Windows NT 10.0; Win64; x64) AppleWebKit/537.36 (KHTML, like Gecko) Chrome/90.0.4430.212 Safari/537.36'
    'HTTP_ACCEPT' => 'text/html,application/xhtml+xml,application/xml;q=0.9,image/avif,image/webp,image/apng,*/*;q=0.8,application/signed-exchange;v=b3;q=0.9'
    'HTTP_SEC_FETCH_SITE' => 'none'
    'HTTP_SEC_FETCH_MODE' => 'navigate'
    'HTTP_SEC_FETCH_USER' => '?1'
    'HTTP_SEC_FETCH_DEST' => 'document'
    'HTTP_ACCEPT_ENCODING' => 'gzip, deflate, br'
    'HTTP_ACCEPT_LANGUAGE' => 'de-DE,de;q=0.9,en-US;q=0.8,en;q=0.7'
    'HTTP_COOKIE' => 'app-user=ouzgouzzuiipozg; .AspNetCore.Culture=c%3Dde%7Cuic%3Dde; _csrf=3b0c6a877a3e8d5eb65ea341ac5def0fb8952559698930544b08d2be7d729d66a%3A2%3A%7Bi%3A0%3Bs%3A5%3A%22_csrf%22%3Bi%3A1%3Bs%3A32%3A%22-nOdnIPsy1vks4U5Fn8P8YzbHZH2jptR%22%3B%7D'
    'REQUEST_TIME_FLOAT' => 1621695589.6993
    'REQUEST_TIME' => 1621695589
]
